[0m09:09:10.042304 [debug] [MainThread]: Sending event: {'category': 'dbt', 'action': 'invocation', 'label': 'start', 'context': [<snowplow_tracker.self_describing_json.SelfDescribingJson object at 0x118766510>, <snowplow_tracker.self_describing_json.SelfDescribingJson object at 0x11aa379d0>, <snowplow_tracker.self_describing_json.SelfDescribingJson object at 0x11aa37c50>]}


============================== 09:09:10.044993 | 7ac8f40d-1fcf-4ef1-878b-94d3a9fbf721 ==============================
[0m09:09:10.044993 [info ] [MainThread]: Running with dbt=1.10.6
[0m09:09:10.045256 [debug] [MainThread]: running dbt with arguments {'printer_width': '80', 'indirect_selection': 'eager', 'log_cache_events': 'False', 'write_json': 'True', 'partial_parse': 'True', 'cache_selected_only': 'False', 'profiles_dir': '/Users/ellie/.dbt', 'version_check': 'True', 'debug': 'False', 'log_path': 'logs', 'warn_error': 'None', 'fail_fast': 'False', 'use_colors': 'True', 'use_experimental_parser': 'False', 'no_print': 'None', 'quiet': 'False', 'empty': 'None', 'log_format': 'default', 'introspect': 'True', 'static_parser': 'True', 'invocation_command': 'dbt init .', 'target_path': 'None', 'warn_error_options': 'WarnErrorOptionsV2(error=[], warn=[], silence=[])', 'send_anonymous_usage_stats': 'True'}
[0m09:09:20.695412 [debug] [MainThread]: Starter project path: /Users/ellie/Documents/Dev/DataScientest/OPA/.venv/lib/python3.13/site-packages/dbt/include/starter_project
[0m09:09:20.699104 [info ] [MainThread]: 
Your new dbt project "OPA" was created!

For more information on how to configure the profiles.yml file,
please consult the dbt documentation here:

  https://docs.getdbt.com/docs/configure-your-profile

One more thing:

Need help? Don't hesitate to reach out to us via GitHub issues or on Slack:

  https://community.getdbt.com/

Happy modeling!

[0m09:09:20.699298 [info ] [MainThread]: Setting up your profile.
[0m09:11:31.241435 [info ] [MainThread]: Profile OPA written to /Users/ellie/.dbt/profiles.yml using target's profile_template.yml and your supplied values. Run 'dbt debug' to validate the connection.
[0m09:11:31.260035 [debug] [MainThread]: Resource report: {"command_name": "init", "command_success": true, "command_wall_clock_time": 141.25363, "process_in_blocks": "0", "process_kernel_time": 0.198165, "process_mem_max_rss": "165068800", "process_out_blocks": "0", "process_user_time": 0.798124}
[0m09:11:31.263675 [debug] [MainThread]: Command `dbt init` succeeded at 09:11:31.263530 after 141.26 seconds
[0m09:11:31.264364 [debug] [MainThread]: Sending event: {'category': 'dbt', 'action': 'invocation', 'label': 'end', 'context': [<snowplow_tracker.self_describing_json.SelfDescribingJson object at 0x1295d8640>, <snowplow_tracker.self_describing_json.SelfDescribingJson object at 0x11a310710>, <snowplow_tracker.self_describing_json.SelfDescribingJson object at 0x129513240>]}
[0m09:11:31.264768 [debug] [MainThread]: Flushing usage events
[0m09:11:31.706979 [debug] [MainThread]: An error was encountered while trying to flush usage events
[0m09:37:54.841936 [debug] [MainThread]: Sending event: {'category': 'dbt', 'action': 'invocation', 'label': 'start', 'context': [<snowplow_tracker.self_describing_json.SelfDescribingJson object at 0x10735e510>, <snowplow_tracker.self_describing_json.SelfDescribingJson object at 0x1087cf9d0>, <snowplow_tracker.self_describing_json.SelfDescribingJson object at 0x1087cfc50>]}


============================== 09:37:54.844602 | a5f11b63-080f-4f9d-9544-bbfe36e95ad8 ==============================
[0m09:37:54.844602 [info ] [MainThread]: Running with dbt=1.10.6
[0m09:37:54.844866 [debug] [MainThread]: running dbt with arguments {'printer_width': '80', 'indirect_selection': 'eager', 'log_cache_events': 'False', 'write_json': 'True', 'partial_parse': 'True', 'cache_selected_only': 'False', 'profiles_dir': './DBT_PROJECT/profiles', 'fail_fast': 'False', 'warn_error': 'None', 'log_path': 'logs', 'version_check': 'True', 'debug': 'False', 'use_colors': 'True', 'use_experimental_parser': 'False', 'empty': 'None', 'quiet': 'False', 'no_print': 'None', 'warn_error_options': 'WarnErrorOptionsV2(error=[], warn=[], silence=[])', 'introspect': 'True', 'invocation_command': 'dbt debug', 'static_parser': 'True', 'target_path': 'None', 'log_format': 'default', 'send_anonymous_usage_stats': 'True'}
[0m09:37:54.852347 [info ] [MainThread]: dbt version: 1.10.6
[0m09:37:54.852527 [info ] [MainThread]: python version: 3.13.3
[0m09:37:54.852641 [info ] [MainThread]: python path: /Users/ellie/Documents/Dev/DataScientest/OPA/.venv/bin/python3.13
[0m09:37:54.852743 [info ] [MainThread]: os info: macOS-15.5-arm64-arm-64bit-Mach-O
[0m09:37:54.852850 [info ] [MainThread]: Using profiles dir at ./DBT_PROJECT/profiles
[0m09:37:54.852940 [info ] [MainThread]: Using profiles.yml file at ./DBT_PROJECT/profiles/profiles.yml
[0m09:37:54.853031 [info ] [MainThread]: Using dbt_project.yml file at /Users/ellie/Documents/Dev/DataScientest/OPA/DBT_PROJECT/dbt_project.yml
[0m09:37:54.853128 [info ] [MainThread]: Configuration:
[0m09:37:54.853218 [info ] [MainThread]:   profiles.yml file [[31mERROR not found[0m]
[0m09:37:54.853308 [info ] [MainThread]:   dbt_project.yml file [[31mERROR not found[0m]
[0m09:37:54.853396 [info ] [MainThread]: Required dependencies:
[0m09:37:54.853514 [debug] [MainThread]: Executing "git --help"
[0m09:37:54.869385 [debug] [MainThread]: STDOUT: "b"usage: git [-v | --version] [-h | --help] [-C <path>] [-c <name>=<value>]\n           [--exec-path[=<path>]] [--html-path] [--man-path] [--info-path]\n           [-p | --paginate | -P | --no-pager] [--no-replace-objects] [--bare]\n           [--git-dir=<path>] [--work-tree=<path>] [--namespace=<name>]\n           [--super-prefix=<path>] [--config-env=<name>=<envvar>]\n           <command> [<args>]\n\nThese are common Git commands used in various situations:\n\nstart a working area (see also: git help tutorial)\n   clone     Clone a repository into a new directory\n   init      Create an empty Git repository or reinitialize an existing one\n\nwork on the current change (see also: git help everyday)\n   add       Add file contents to the index\n   mv        Move or rename a file, a directory, or a symlink\n   restore   Restore working tree files\n   rm        Remove files from the working tree and from the index\n\nexamine the history and state (see also: git help revisions)\n   bisect    Use binary search to find the commit that introduced a bug\n   diff      Show changes between commits, commit and working tree, etc\n   grep      Print lines matching a pattern\n   log       Show commit logs\n   show      Show various types of objects\n   status    Show the working tree status\n\ngrow, mark and tweak your common history\n   branch    List, create, or delete branches\n   commit    Record changes to the repository\n   merge     Join two or more development histories together\n   rebase    Reapply commits on top of another base tip\n   reset     Reset current HEAD to the specified state\n   switch    Switch branches\n   tag       Create, list, delete or verify a tag object signed with GPG\n\ncollaborate (see also: git help workflows)\n   fetch     Download objects and refs from another repository\n   pull      Fetch from and integrate with another repository or a local branch\n   push      Update remote refs along with associated objects\n\n'git help -a' and 'git help -g' list available subcommands and some\nconcept guides. See 'git help <command>' or 'git help <concept>'\nto read about a specific subcommand or concept.\nSee 'git help git' for an overview of the system.\n""
[0m09:37:54.869766 [debug] [MainThread]: STDERR: "b''"
[0m09:37:54.869893 [info ] [MainThread]:  - git [[32mOK found[0m]

[0m09:37:54.870016 [info ] [MainThread]: Connection test skipped since no profile was found
[0m09:37:54.870187 [info ] [MainThread]: [31m2 checks failed:[0m
[0m09:37:54.870288 [info ] [MainThread]: dbt looked for a profiles.yml file in ./DBT_PROJECT/profiles/profiles.yml, but did
not find one. For more information on configuring your profile, consult the
documentation:

https://docs.getdbt.com/docs/configure-your-profile


[0m09:37:54.870395 [info ] [MainThread]: Project loading failed for the following reason:
 project path </Users/ellie/Documents/Dev/DataScientest/OPA/DBT_PROJECT/dbt_project.yml> not found

[0m09:37:54.871607 [debug] [MainThread]: Resource report: {"command_name": "debug", "command_success": false, "command_wall_clock_time": 0.056812417, "process_in_blocks": "0", "process_kernel_time": 0.091855, "process_mem_max_rss": "108527616", "process_out_blocks": "0", "process_user_time": 0.490561}
[0m09:37:54.871816 [debug] [MainThread]: Command `dbt debug` failed at 09:37:54.871773 after 0.06 seconds
[0m09:37:54.872025 [debug] [MainThread]: Sending event: {'category': 'dbt', 'action': 'invocation', 'label': 'end', 'context': [<snowplow_tracker.self_describing_json.SelfDescribingJson object at 0x10880afd0>, <snowplow_tracker.self_describing_json.SelfDescribingJson object at 0x108848b90>, <snowplow_tracker.self_describing_json.SelfDescribingJson object at 0x108855590>]}
[0m09:37:54.872195 [debug] [MainThread]: Flushing usage events
[0m09:37:55.251104 [debug] [MainThread]: An error was encountered while trying to flush usage events
[0m09:44:13.655592 [debug] [MainThread]: Sending event: {'category': 'dbt', 'action': 'invocation', 'label': 'start', 'context': [<snowplow_tracker.self_describing_json.SelfDescribingJson object at 0x105ed6510>, <snowplow_tracker.self_describing_json.SelfDescribingJson object at 0x1073479d0>, <snowplow_tracker.self_describing_json.SelfDescribingJson object at 0x107347c50>]}


============================== 09:44:13.658214 | d8aa1689-fef2-4c12-b64a-bcf060a74e1e ==============================
[0m09:44:13.658214 [info ] [MainThread]: Running with dbt=1.10.6
[0m09:44:13.658471 [debug] [MainThread]: running dbt with arguments {'printer_width': '80', 'indirect_selection': 'eager', 'log_cache_events': 'False', 'write_json': 'True', 'partial_parse': 'True', 'cache_selected_only': 'False', 'warn_error': 'None', 'version_check': 'True', 'debug': 'False', 'log_path': '/Users/ellie/Documents/Dev/DataScientest/OPA/DBT_PROJECT/logs', 'profiles_dir': './DBT_PROJECT/profiles', 'fail_fast': 'False', 'use_colors': 'True', 'use_experimental_parser': 'False', 'empty': 'None', 'quiet': 'False', 'no_print': 'None', 'log_format': 'default', 'introspect': 'True', 'static_parser': 'True', 'invocation_command': 'dbt debug', 'target_path': 'None', 'warn_error_options': 'WarnErrorOptionsV2(error=[], warn=[], silence=[])', 'send_anonymous_usage_stats': 'True'}
[0m09:44:13.664341 [info ] [MainThread]: dbt version: 1.10.6
[0m09:44:13.664467 [info ] [MainThread]: python version: 3.13.3
[0m09:44:13.664631 [info ] [MainThread]: python path: /Users/ellie/Documents/Dev/DataScientest/OPA/.venv/bin/python3.13
[0m09:44:13.664796 [info ] [MainThread]: os info: macOS-15.5-arm64-arm-64bit-Mach-O
[0m09:44:13.664914 [info ] [MainThread]: Using profiles dir at ./DBT_PROJECT/profiles
[0m09:44:13.665014 [info ] [MainThread]: Using profiles.yml file at ./DBT_PROJECT/profiles/profiles.yml
[0m09:44:13.665109 [info ] [MainThread]: Using dbt_project.yml file at /Users/ellie/Documents/Dev/DataScientest/OPA/DBT_PROJECT/dbt_project.yml
[0m09:44:13.700097 [info ] [MainThread]: Configuration:
[0m09:44:13.700311 [info ] [MainThread]:   profiles.yml file [[31mERROR not found[0m]
[0m09:44:13.700433 [info ] [MainThread]:   dbt_project.yml file [[32mOK found and valid[0m]
[0m09:44:13.700536 [info ] [MainThread]: Required dependencies:
[0m09:44:13.700685 [debug] [MainThread]: Executing "git --help"
[0m09:44:13.710758 [debug] [MainThread]: STDOUT: "b"usage: git [-v | --version] [-h | --help] [-C <path>] [-c <name>=<value>]\n           [--exec-path[=<path>]] [--html-path] [--man-path] [--info-path]\n           [-p | --paginate | -P | --no-pager] [--no-replace-objects] [--bare]\n           [--git-dir=<path>] [--work-tree=<path>] [--namespace=<name>]\n           [--super-prefix=<path>] [--config-env=<name>=<envvar>]\n           <command> [<args>]\n\nThese are common Git commands used in various situations:\n\nstart a working area (see also: git help tutorial)\n   clone     Clone a repository into a new directory\n   init      Create an empty Git repository or reinitialize an existing one\n\nwork on the current change (see also: git help everyday)\n   add       Add file contents to the index\n   mv        Move or rename a file, a directory, or a symlink\n   restore   Restore working tree files\n   rm        Remove files from the working tree and from the index\n\nexamine the history and state (see also: git help revisions)\n   bisect    Use binary search to find the commit that introduced a bug\n   diff      Show changes between commits, commit and working tree, etc\n   grep      Print lines matching a pattern\n   log       Show commit logs\n   show      Show various types of objects\n   status    Show the working tree status\n\ngrow, mark and tweak your common history\n   branch    List, create, or delete branches\n   commit    Record changes to the repository\n   merge     Join two or more development histories together\n   rebase    Reapply commits on top of another base tip\n   reset     Reset current HEAD to the specified state\n   switch    Switch branches\n   tag       Create, list, delete or verify a tag object signed with GPG\n\ncollaborate (see also: git help workflows)\n   fetch     Download objects and refs from another repository\n   pull      Fetch from and integrate with another repository or a local branch\n   push      Update remote refs along with associated objects\n\n'git help -a' and 'git help -g' list available subcommands and some\nconcept guides. See 'git help <command>' or 'git help <concept>'\nto read about a specific subcommand or concept.\nSee 'git help git' for an overview of the system.\n""
[0m09:44:13.711151 [debug] [MainThread]: STDERR: "b''"
[0m09:44:13.711280 [info ] [MainThread]:  - git [[32mOK found[0m]

[0m09:44:13.711402 [info ] [MainThread]: Connection test skipped since no profile was found
[0m09:44:13.711514 [info ] [MainThread]: [31m1 check failed:[0m
[0m09:44:13.711611 [info ] [MainThread]: dbt looked for a profiles.yml file in ./DBT_PROJECT/profiles/profiles.yml, but did
not find one. For more information on configuring your profile, consult the
documentation:

https://docs.getdbt.com/docs/configure-your-profile


[0m09:44:13.713102 [debug] [MainThread]: Resource report: {"command_name": "debug", "command_success": false, "command_wall_clock_time": 0.08467958, "process_in_blocks": "0", "process_kernel_time": 0.088309, "process_mem_max_rss": "112115712", "process_out_blocks": "0", "process_user_time": 0.521909}
[0m09:44:13.713336 [debug] [MainThread]: Command `dbt debug` failed at 09:44:13.713293 after 0.08 seconds
[0m09:44:13.713532 [debug] [MainThread]: Sending event: {'category': 'dbt', 'action': 'invocation', 'label': 'end', 'context': [<snowplow_tracker.self_describing_json.SelfDescribingJson object at 0x1066b1a70>, <snowplow_tracker.self_describing_json.SelfDescribingJson object at 0x1074e60f0>, <snowplow_tracker.self_describing_json.SelfDescribingJson object at 0x1073cfdf0>]}
[0m09:44:13.713690 [debug] [MainThread]: Flushing usage events
[0m09:44:14.142680 [debug] [MainThread]: An error was encountered while trying to flush usage events
[0m09:45:44.133808 [debug] [MainThread]: Sending event: {'category': 'dbt', 'action': 'invocation', 'label': 'start', 'context': [<snowplow_tracker.self_describing_json.SelfDescribingJson object at 0x1072b6510>, <snowplow_tracker.self_describing_json.SelfDescribingJson object at 0x1115379d0>, <snowplow_tracker.self_describing_json.SelfDescribingJson object at 0x111537c50>]}


============================== 09:45:44.136203 | 25cd912a-3ef7-439b-9c3b-e491fe503fe4 ==============================
[0m09:45:44.136203 [info ] [MainThread]: Running with dbt=1.10.6
[0m09:45:44.136456 [debug] [MainThread]: running dbt with arguments {'printer_width': '80', 'indirect_selection': 'eager', 'write_json': 'True', 'log_cache_events': 'False', 'partial_parse': 'True', 'cache_selected_only': 'False', 'warn_error': 'None', 'fail_fast': 'False', 'version_check': 'True', 'log_path': '/Users/ellie/Documents/Dev/DataScientest/OPA/DBT_PROJECT/logs', 'profiles_dir': './DBT_PROJECT/profiles', 'debug': 'False', 'use_colors': 'True', 'use_experimental_parser': 'False', 'empty': 'None', 'quiet': 'False', 'no_print': 'None', 'log_format': 'default', 'static_parser': 'True', 'invocation_command': 'dbt debug', 'warn_error_options': 'WarnErrorOptionsV2(error=[], warn=[], silence=[])', 'target_path': 'None', 'introspect': 'True', 'send_anonymous_usage_stats': 'True'}
[0m09:45:44.143123 [info ] [MainThread]: dbt version: 1.10.6
[0m09:45:44.143310 [info ] [MainThread]: python version: 3.13.3
[0m09:45:44.143422 [info ] [MainThread]: python path: /Users/ellie/Documents/Dev/DataScientest/OPA/.venv/bin/python3.13
[0m09:45:44.143524 [info ] [MainThread]: os info: macOS-15.5-arm64-arm-64bit-Mach-O
[0m09:45:44.143627 [info ] [MainThread]: Using profiles dir at ./DBT_PROJECT/profiles
[0m09:45:44.143720 [info ] [MainThread]: Using profiles.yml file at ./DBT_PROJECT/profiles/profiles.yml
[0m09:45:44.143813 [info ] [MainThread]: Using dbt_project.yml file at /Users/ellie/Documents/Dev/DataScientest/OPA/DBT_PROJECT/dbt_project.yml
[0m09:45:44.178128 [info ] [MainThread]: Configuration:
[0m09:45:44.178334 [info ] [MainThread]:   profiles.yml file [[31mERROR not found[0m]
[0m09:45:44.178453 [info ] [MainThread]:   dbt_project.yml file [[32mOK found and valid[0m]
[0m09:45:44.178555 [info ] [MainThread]: Required dependencies:
[0m09:45:44.178787 [debug] [MainThread]: Executing "git --help"
[0m09:45:44.187875 [debug] [MainThread]: STDOUT: "b"usage: git [-v | --version] [-h | --help] [-C <path>] [-c <name>=<value>]\n           [--exec-path[=<path>]] [--html-path] [--man-path] [--info-path]\n           [-p | --paginate | -P | --no-pager] [--no-replace-objects] [--bare]\n           [--git-dir=<path>] [--work-tree=<path>] [--namespace=<name>]\n           [--super-prefix=<path>] [--config-env=<name>=<envvar>]\n           <command> [<args>]\n\nThese are common Git commands used in various situations:\n\nstart a working area (see also: git help tutorial)\n   clone     Clone a repository into a new directory\n   init      Create an empty Git repository or reinitialize an existing one\n\nwork on the current change (see also: git help everyday)\n   add       Add file contents to the index\n   mv        Move or rename a file, a directory, or a symlink\n   restore   Restore working tree files\n   rm        Remove files from the working tree and from the index\n\nexamine the history and state (see also: git help revisions)\n   bisect    Use binary search to find the commit that introduced a bug\n   diff      Show changes between commits, commit and working tree, etc\n   grep      Print lines matching a pattern\n   log       Show commit logs\n   show      Show various types of objects\n   status    Show the working tree status\n\ngrow, mark and tweak your common history\n   branch    List, create, or delete branches\n   commit    Record changes to the repository\n   merge     Join two or more development histories together\n   rebase    Reapply commits on top of another base tip\n   reset     Reset current HEAD to the specified state\n   switch    Switch branches\n   tag       Create, list, delete or verify a tag object signed with GPG\n\ncollaborate (see also: git help workflows)\n   fetch     Download objects and refs from another repository\n   pull      Fetch from and integrate with another repository or a local branch\n   push      Update remote refs along with associated objects\n\n'git help -a' and 'git help -g' list available subcommands and some\nconcept guides. See 'git help <command>' or 'git help <concept>'\nto read about a specific subcommand or concept.\nSee 'git help git' for an overview of the system.\n""
[0m09:45:44.188255 [debug] [MainThread]: STDERR: "b''"
[0m09:45:44.188396 [info ] [MainThread]:  - git [[32mOK found[0m]

[0m09:45:44.188519 [info ] [MainThread]: Connection test skipped since no profile was found
[0m09:45:44.188644 [info ] [MainThread]: [31m1 check failed:[0m
[0m09:45:44.188749 [info ] [MainThread]: dbt looked for a profiles.yml file in ./DBT_PROJECT/profiles/profiles.yml, but did
not find one. For more information on configuring your profile, consult the
documentation:

https://docs.getdbt.com/docs/configure-your-profile


[0m09:45:44.190367 [debug] [MainThread]: Resource report: {"command_name": "debug", "command_success": false, "command_wall_clock_time": 0.08587975, "process_in_blocks": "0", "process_kernel_time": 0.08677, "process_mem_max_rss": "110329856", "process_out_blocks": "0", "process_user_time": 0.512113}
[0m09:45:44.190653 [debug] [MainThread]: Command `dbt debug` failed at 09:45:44.190603 after 0.09 seconds
[0m09:45:44.190864 [debug] [MainThread]: Sending event: {'category': 'dbt', 'action': 'invocation', 'label': 'end', 'context': [<snowplow_tracker.self_describing_json.SelfDescribingJson object at 0x107b9da70>, <snowplow_tracker.self_describing_json.SelfDescribingJson object at 0x1117d60f0>, <snowplow_tracker.self_describing_json.SelfDescribingJson object at 0x1115bfdf0>]}
[0m09:45:44.191024 [debug] [MainThread]: Flushing usage events
[0m09:45:44.965325 [debug] [MainThread]: An error was encountered while trying to flush usage events
[0m09:47:51.716278 [debug] [MainThread]: Sending event: {'category': 'dbt', 'action': 'invocation', 'label': 'start', 'context': [<snowplow_tracker.self_describing_json.SelfDescribingJson object at 0x107386510>, <snowplow_tracker.self_describing_json.SelfDescribingJson object at 0x1087f39d0>, <snowplow_tracker.self_describing_json.SelfDescribingJson object at 0x1087f3c50>]}


============================== 09:47:51.718975 | caa7ef73-e463-4f73-88aa-dff159e8c26e ==============================
[0m09:47:51.718975 [info ] [MainThread]: Running with dbt=1.10.6
[0m09:47:51.719242 [debug] [MainThread]: running dbt with arguments {'printer_width': '80', 'indirect_selection': 'eager', 'write_json': 'True', 'log_cache_events': 'False', 'partial_parse': 'True', 'cache_selected_only': 'False', 'profiles_dir': './DBT_PROJECT/profiles', 'fail_fast': 'False', 'warn_error': 'None', 'log_path': '/Users/ellie/Documents/Dev/DataScientest/OPA/DBT_PROJECT/logs', 'version_check': 'True', 'debug': 'False', 'use_colors': 'True', 'use_experimental_parser': 'False', 'no_print': 'None', 'quiet': 'False', 'empty': 'None', 'log_format': 'default', 'static_parser': 'True', 'warn_error_options': 'WarnErrorOptionsV2(error=[], warn=[], silence=[])', 'invocation_command': 'dbt debug', 'target_path': 'None', 'introspect': 'True', 'send_anonymous_usage_stats': 'True'}
[0m09:47:51.727179 [info ] [MainThread]: dbt version: 1.10.6
[0m09:47:51.727350 [info ] [MainThread]: python version: 3.13.3
[0m09:47:51.727458 [info ] [MainThread]: python path: /Users/ellie/Documents/Dev/DataScientest/OPA/.venv/bin/python3.13
[0m09:47:51.727556 [info ] [MainThread]: os info: macOS-15.5-arm64-arm-64bit-Mach-O
[0m09:47:51.727656 [info ] [MainThread]: Using profiles dir at ./DBT_PROJECT/profiles
[0m09:47:51.727749 [info ] [MainThread]: Using profiles.yml file at ./DBT_PROJECT/profiles/profiles.yml
[0m09:47:51.727838 [info ] [MainThread]: Using dbt_project.yml file at /Users/ellie/Documents/Dev/DataScientest/OPA/DBT_PROJECT/dbt_project.yml
[0m09:47:51.763095 [info ] [MainThread]: Configuration:
[0m09:47:51.763340 [info ] [MainThread]:   profiles.yml file [[31mERROR not found[0m]
[0m09:47:51.763461 [info ] [MainThread]:   dbt_project.yml file [[32mOK found and valid[0m]
[0m09:47:51.763562 [info ] [MainThread]: Required dependencies:
[0m09:47:51.763720 [debug] [MainThread]: Executing "git --help"
[0m09:47:51.781333 [debug] [MainThread]: STDOUT: "b"usage: git [-v | --version] [-h | --help] [-C <path>] [-c <name>=<value>]\n           [--exec-path[=<path>]] [--html-path] [--man-path] [--info-path]\n           [-p | --paginate | -P | --no-pager] [--no-replace-objects] [--bare]\n           [--git-dir=<path>] [--work-tree=<path>] [--namespace=<name>]\n           [--super-prefix=<path>] [--config-env=<name>=<envvar>]\n           <command> [<args>]\n\nThese are common Git commands used in various situations:\n\nstart a working area (see also: git help tutorial)\n   clone     Clone a repository into a new directory\n   init      Create an empty Git repository or reinitialize an existing one\n\nwork on the current change (see also: git help everyday)\n   add       Add file contents to the index\n   mv        Move or rename a file, a directory, or a symlink\n   restore   Restore working tree files\n   rm        Remove files from the working tree and from the index\n\nexamine the history and state (see also: git help revisions)\n   bisect    Use binary search to find the commit that introduced a bug\n   diff      Show changes between commits, commit and working tree, etc\n   grep      Print lines matching a pattern\n   log       Show commit logs\n   show      Show various types of objects\n   status    Show the working tree status\n\ngrow, mark and tweak your common history\n   branch    List, create, or delete branches\n   commit    Record changes to the repository\n   merge     Join two or more development histories together\n   rebase    Reapply commits on top of another base tip\n   reset     Reset current HEAD to the specified state\n   switch    Switch branches\n   tag       Create, list, delete or verify a tag object signed with GPG\n\ncollaborate (see also: git help workflows)\n   fetch     Download objects and refs from another repository\n   pull      Fetch from and integrate with another repository or a local branch\n   push      Update remote refs along with associated objects\n\n'git help -a' and 'git help -g' list available subcommands and some\nconcept guides. See 'git help <command>' or 'git help <concept>'\nto read about a specific subcommand or concept.\nSee 'git help git' for an overview of the system.\n""
[0m09:47:51.781759 [debug] [MainThread]: STDERR: "b''"
[0m09:47:51.781885 [info ] [MainThread]:  - git [[32mOK found[0m]

[0m09:47:51.782000 [info ] [MainThread]: Connection test skipped since no profile was found
[0m09:47:51.782110 [info ] [MainThread]: [31m1 check failed:[0m
[0m09:47:51.782206 [info ] [MainThread]: dbt looked for a profiles.yml file in ./DBT_PROJECT/profiles/profiles.yml, but did
not find one. For more information on configuring your profile, consult the
documentation:

https://docs.getdbt.com/docs/configure-your-profile


[0m09:47:51.783495 [debug] [MainThread]: Resource report: {"command_name": "debug", "command_success": false, "command_wall_clock_time": 0.09838475, "process_in_blocks": "0", "process_kernel_time": 0.0871, "process_mem_max_rss": "110526464", "process_out_blocks": "0", "process_user_time": 0.503161}
[0m09:47:51.783718 [debug] [MainThread]: Command `dbt debug` failed at 09:47:51.783673 after 0.10 seconds
[0m09:47:51.783921 [debug] [MainThread]: Sending event: {'category': 'dbt', 'action': 'invocation', 'label': 'end', 'context': [<snowplow_tracker.self_describing_json.SelfDescribingJson object at 0x107b5da70>, <snowplow_tracker.self_describing_json.SelfDescribingJson object at 0x1089960f0>, <snowplow_tracker.self_describing_json.SelfDescribingJson object at 0x10887bdf0>]}
[0m09:47:51.784083 [debug] [MainThread]: Flushing usage events
[0m09:47:52.221025 [debug] [MainThread]: An error was encountered while trying to flush usage events
[0m09:50:14.515119 [debug] [MainThread]: Sending event: {'category': 'dbt', 'action': 'invocation', 'label': 'start', 'context': [<snowplow_tracker.self_describing_json.SelfDescribingJson object at 0x110efe510>, <snowplow_tracker.self_describing_json.SelfDescribingJson object at 0x1125379d0>, <snowplow_tracker.self_describing_json.SelfDescribingJson object at 0x112537c50>]}


============================== 09:50:14.517742 | a61a2c6a-9b2d-4c03-b6a6-910e5d61b27e ==============================
[0m09:50:14.517742 [info ] [MainThread]: Running with dbt=1.10.6
[0m09:50:14.517993 [debug] [MainThread]: running dbt with arguments {'printer_width': '80', 'indirect_selection': 'eager', 'log_cache_events': 'False', 'write_json': 'True', 'partial_parse': 'True', 'cache_selected_only': 'False', 'warn_error': 'None', 'debug': 'False', 'version_check': 'True', 'log_path': '/Users/ellie/Documents/Dev/DataScientest/OPA/DBT_PROJECT/logs', 'profiles_dir': './DBT_PROJECT/profiles', 'fail_fast': 'False', 'use_colors': 'True', 'use_experimental_parser': 'False', 'no_print': 'None', 'quiet': 'False', 'empty': 'None', 'log_format': 'default', 'static_parser': 'True', 'introspect': 'True', 'invocation_command': 'dbt debug', 'target_path': 'None', 'warn_error_options': 'WarnErrorOptionsV2(error=[], warn=[], silence=[])', 'send_anonymous_usage_stats': 'True'}
[0m09:50:14.526010 [info ] [MainThread]: dbt version: 1.10.6
[0m09:50:14.526151 [info ] [MainThread]: python version: 3.13.3
[0m09:50:14.526252 [info ] [MainThread]: python path: /Users/ellie/Documents/Dev/DataScientest/OPA/.venv/bin/python3.13
[0m09:50:14.526350 [info ] [MainThread]: os info: macOS-15.5-arm64-arm-64bit-Mach-O
[0m09:50:14.526449 [info ] [MainThread]: Using profiles dir at ./DBT_PROJECT/profiles
[0m09:50:14.526540 [info ] [MainThread]: Using profiles.yml file at ./DBT_PROJECT/profiles/profiles.yml
[0m09:50:14.526656 [info ] [MainThread]: Using dbt_project.yml file at /Users/ellie/Documents/Dev/DataScientest/OPA/DBT_PROJECT/dbt_project.yml
[0m09:50:14.582876 [info ] [MainThread]: Configuration:
[0m09:50:14.583106 [info ] [MainThread]:   profiles.yml file [[31mERROR not found[0m]
[0m09:50:14.583207 [info ] [MainThread]:   dbt_project.yml file [[32mOK found and valid[0m]
[0m09:50:14.583319 [info ] [MainThread]: Required dependencies:
[0m09:50:14.583470 [debug] [MainThread]: Executing "git --help"
[0m09:50:14.601981 [debug] [MainThread]: STDOUT: "b"usage: git [-v | --version] [-h | --help] [-C <path>] [-c <name>=<value>]\n           [--exec-path[=<path>]] [--html-path] [--man-path] [--info-path]\n           [-p | --paginate | -P | --no-pager] [--no-replace-objects] [--bare]\n           [--git-dir=<path>] [--work-tree=<path>] [--namespace=<name>]\n           [--super-prefix=<path>] [--config-env=<name>=<envvar>]\n           <command> [<args>]\n\nThese are common Git commands used in various situations:\n\nstart a working area (see also: git help tutorial)\n   clone     Clone a repository into a new directory\n   init      Create an empty Git repository or reinitialize an existing one\n\nwork on the current change (see also: git help everyday)\n   add       Add file contents to the index\n   mv        Move or rename a file, a directory, or a symlink\n   restore   Restore working tree files\n   rm        Remove files from the working tree and from the index\n\nexamine the history and state (see also: git help revisions)\n   bisect    Use binary search to find the commit that introduced a bug\n   diff      Show changes between commits, commit and working tree, etc\n   grep      Print lines matching a pattern\n   log       Show commit logs\n   show      Show various types of objects\n   status    Show the working tree status\n\ngrow, mark and tweak your common history\n   branch    List, create, or delete branches\n   commit    Record changes to the repository\n   merge     Join two or more development histories together\n   rebase    Reapply commits on top of another base tip\n   reset     Reset current HEAD to the specified state\n   switch    Switch branches\n   tag       Create, list, delete or verify a tag object signed with GPG\n\ncollaborate (see also: git help workflows)\n   fetch     Download objects and refs from another repository\n   pull      Fetch from and integrate with another repository or a local branch\n   push      Update remote refs along with associated objects\n\n'git help -a' and 'git help -g' list available subcommands and some\nconcept guides. See 'git help <command>' or 'git help <concept>'\nto read about a specific subcommand or concept.\nSee 'git help git' for an overview of the system.\n""
[0m09:50:14.602373 [debug] [MainThread]: STDERR: "b''"
[0m09:50:14.602503 [info ] [MainThread]:  - git [[32mOK found[0m]

[0m09:50:14.602631 [info ] [MainThread]: Connection test skipped since no profile was found
[0m09:50:14.602745 [info ] [MainThread]: [31m1 check failed:[0m
[0m09:50:14.602860 [info ] [MainThread]: dbt looked for a profiles.yml file in ./DBT_PROJECT/profiles/profiles.yml, but did
not find one. For more information on configuring your profile, consult the
documentation:

https://docs.getdbt.com/docs/configure-your-profile


[0m09:50:14.604132 [debug] [MainThread]: Resource report: {"command_name": "debug", "command_success": false, "command_wall_clock_time": 0.116591915, "process_in_blocks": "0", "process_kernel_time": 0.088752, "process_mem_max_rss": "110411776", "process_out_blocks": "0", "process_user_time": 0.519683}
[0m09:50:14.604351 [debug] [MainThread]: Command `dbt debug` failed at 09:50:14.604310 after 0.12 seconds
[0m09:50:14.604526 [debug] [MainThread]: Sending event: {'category': 'dbt', 'action': 'invocation', 'label': 'end', 'context': [<snowplow_tracker.self_describing_json.SelfDescribingJson object at 0x1115a1a70>, <snowplow_tracker.self_describing_json.SelfDescribingJson object at 0x1127d60f0>, <snowplow_tracker.self_describing_json.SelfDescribingJson object at 0x1125bfdf0>]}
[0m09:50:14.604682 [debug] [MainThread]: Flushing usage events
[0m09:50:15.016864 [debug] [MainThread]: An error was encountered while trying to flush usage events
[0m09:50:59.254310 [debug] [MainThread]: Sending event: {'category': 'dbt', 'action': 'invocation', 'label': 'start', 'context': [<snowplow_tracker.self_describing_json.SelfDescribingJson object at 0x107fb6510>, <snowplow_tracker.self_describing_json.SelfDescribingJson object at 0x121a379d0>, <snowplow_tracker.self_describing_json.SelfDescribingJson object at 0x121a37c50>]}


============================== 09:50:59.256934 | fdbe6643-7120-4db9-9772-2eff91f0065c ==============================
[0m09:50:59.256934 [info ] [MainThread]: Running with dbt=1.10.6
[0m09:50:59.257196 [debug] [MainThread]: running dbt with arguments {'printer_width': '80', 'indirect_selection': 'eager', 'write_json': 'True', 'log_cache_events': 'False', 'partial_parse': 'True', 'cache_selected_only': 'False', 'warn_error': 'None', 'debug': 'False', 'profiles_dir': './DBT_PROJECT/profiles', 'log_path': '/Users/ellie/Documents/Dev/DataScientest/OPA/DBT_PROJECT/logs', 'fail_fast': 'False', 'version_check': 'True', 'use_colors': 'True', 'use_experimental_parser': 'False', 'empty': 'None', 'quiet': 'False', 'no_print': 'None', 'log_format': 'default', 'static_parser': 'True', 'introspect': 'True', 'invocation_command': 'dbt debug', 'target_path': 'None', 'warn_error_options': 'WarnErrorOptionsV2(error=[], warn=[], silence=[])', 'send_anonymous_usage_stats': 'True'}
[0m09:50:59.264542 [info ] [MainThread]: dbt version: 1.10.6
[0m09:50:59.264706 [info ] [MainThread]: python version: 3.13.3
[0m09:50:59.264818 [info ] [MainThread]: python path: /Users/ellie/Documents/Dev/DataScientest/OPA/.venv/bin/python3.13
[0m09:50:59.264922 [info ] [MainThread]: os info: macOS-15.5-arm64-arm-64bit-Mach-O
[0m09:50:59.265028 [info ] [MainThread]: Using profiles dir at ./DBT_PROJECT/profiles
[0m09:50:59.265123 [info ] [MainThread]: Using profiles.yml file at ./DBT_PROJECT/profiles/profiles.yml
[0m09:50:59.265217 [info ] [MainThread]: Using dbt_project.yml file at /Users/ellie/Documents/Dev/DataScientest/OPA/DBT_PROJECT/dbt_project.yml
[0m09:50:59.300019 [info ] [MainThread]: Configuration:
[0m09:50:59.300240 [info ] [MainThread]:   profiles.yml file [[31mERROR not found[0m]
[0m09:50:59.300355 [info ] [MainThread]:   dbt_project.yml file [[32mOK found and valid[0m]
[0m09:50:59.300460 [info ] [MainThread]: Required dependencies:
[0m09:50:59.300626 [debug] [MainThread]: Executing "git --help"
[0m09:50:59.313596 [debug] [MainThread]: STDOUT: "b"usage: git [-v | --version] [-h | --help] [-C <path>] [-c <name>=<value>]\n           [--exec-path[=<path>]] [--html-path] [--man-path] [--info-path]\n           [-p | --paginate | -P | --no-pager] [--no-replace-objects] [--bare]\n           [--git-dir=<path>] [--work-tree=<path>] [--namespace=<name>]\n           [--super-prefix=<path>] [--config-env=<name>=<envvar>]\n           <command> [<args>]\n\nThese are common Git commands used in various situations:\n\nstart a working area (see also: git help tutorial)\n   clone     Clone a repository into a new directory\n   init      Create an empty Git repository or reinitialize an existing one\n\nwork on the current change (see also: git help everyday)\n   add       Add file contents to the index\n   mv        Move or rename a file, a directory, or a symlink\n   restore   Restore working tree files\n   rm        Remove files from the working tree and from the index\n\nexamine the history and state (see also: git help revisions)\n   bisect    Use binary search to find the commit that introduced a bug\n   diff      Show changes between commits, commit and working tree, etc\n   grep      Print lines matching a pattern\n   log       Show commit logs\n   show      Show various types of objects\n   status    Show the working tree status\n\ngrow, mark and tweak your common history\n   branch    List, create, or delete branches\n   commit    Record changes to the repository\n   merge     Join two or more development histories together\n   rebase    Reapply commits on top of another base tip\n   reset     Reset current HEAD to the specified state\n   switch    Switch branches\n   tag       Create, list, delete or verify a tag object signed with GPG\n\ncollaborate (see also: git help workflows)\n   fetch     Download objects and refs from another repository\n   pull      Fetch from and integrate with another repository or a local branch\n   push      Update remote refs along with associated objects\n\n'git help -a' and 'git help -g' list available subcommands and some\nconcept guides. See 'git help <command>' or 'git help <concept>'\nto read about a specific subcommand or concept.\nSee 'git help git' for an overview of the system.\n""
[0m09:50:59.313996 [debug] [MainThread]: STDERR: "b''"
[0m09:50:59.314140 [info ] [MainThread]:  - git [[32mOK found[0m]

[0m09:50:59.314276 [info ] [MainThread]: Connection test skipped since no profile was found
[0m09:50:59.314389 [info ] [MainThread]: [31m1 check failed:[0m
[0m09:50:59.314488 [info ] [MainThread]: dbt looked for a profiles.yml file in ./DBT_PROJECT/profiles/profiles.yml, but did
not find one. For more information on configuring your profile, consult the
documentation:

https://docs.getdbt.com/docs/configure-your-profile


[0m09:50:59.315786 [debug] [MainThread]: Resource report: {"command_name": "debug", "command_success": false, "command_wall_clock_time": 0.088067, "process_in_blocks": "0", "process_kernel_time": 0.085566, "process_mem_max_rss": "110657536", "process_out_blocks": "0", "process_user_time": 0.503983}
[0m09:50:59.315989 [debug] [MainThread]: Command `dbt debug` failed at 09:50:59.315948 after 0.09 seconds
[0m09:50:59.316197 [debug] [MainThread]: Sending event: {'category': 'dbt', 'action': 'invocation', 'label': 'end', 'context': [<snowplow_tracker.self_describing_json.SelfDescribingJson object at 0x120855a70>, <snowplow_tracker.self_describing_json.SelfDescribingJson object at 0x121bd60f0>, <snowplow_tracker.self_describing_json.SelfDescribingJson object at 0x121abfdf0>]}
[0m09:50:59.316362 [debug] [MainThread]: Flushing usage events
[0m09:50:59.694749 [debug] [MainThread]: An error was encountered while trying to flush usage events
[0m09:51:23.063453 [debug] [MainThread]: Sending event: {'category': 'dbt', 'action': 'invocation', 'label': 'start', 'context': [<snowplow_tracker.self_describing_json.SelfDescribingJson object at 0x1089b6510>, <snowplow_tracker.self_describing_json.SelfDescribingJson object at 0x10a3379d0>, <snowplow_tracker.self_describing_json.SelfDescribingJson object at 0x10a337c50>]}


============================== 09:51:23.065784 | 095b8608-a920-4224-b97d-74ecac122ddb ==============================
[0m09:51:23.065784 [info ] [MainThread]: Running with dbt=1.10.6
[0m09:51:23.066022 [debug] [MainThread]: running dbt with arguments {'printer_width': '80', 'indirect_selection': 'eager', 'log_cache_events': 'False', 'write_json': 'True', 'partial_parse': 'True', 'cache_selected_only': 'False', 'profiles_dir': './DBT_PROJECT/profiles', 'fail_fast': 'False', 'debug': 'False', 'log_path': '/Users/ellie/Documents/Dev/DataScientest/OPA/DBT_PROJECT/logs', 'warn_error': 'None', 'version_check': 'True', 'use_colors': 'True', 'use_experimental_parser': 'False', 'no_print': 'None', 'quiet': 'False', 'empty': 'None', 'warn_error_options': 'WarnErrorOptionsV2(error=[], warn=[], silence=[])', 'invocation_command': 'dbt debug', 'static_parser': 'True', 'introspect': 'True', 'target_path': 'None', 'log_format': 'default', 'send_anonymous_usage_stats': 'True'}
[0m09:51:23.071979 [info ] [MainThread]: dbt version: 1.10.6
[0m09:51:23.072107 [info ] [MainThread]: python version: 3.13.3
[0m09:51:23.072208 [info ] [MainThread]: python path: /Users/ellie/Documents/Dev/DataScientest/OPA/.venv/bin/python3.13
[0m09:51:23.072304 [info ] [MainThread]: os info: macOS-15.5-arm64-arm-64bit-Mach-O
[0m09:51:23.072453 [info ] [MainThread]: Using profiles dir at ./DBT_PROJECT/profiles
[0m09:51:23.072617 [info ] [MainThread]: Using profiles.yml file at ./DBT_PROJECT/profiles/profiles.yml
[0m09:51:23.072727 [info ] [MainThread]: Using dbt_project.yml file at /Users/ellie/Documents/Dev/DataScientest/OPA/DBT_PROJECT/dbt_project.yml
[0m09:51:23.107664 [info ] [MainThread]: Configuration:
[0m09:51:23.107876 [info ] [MainThread]:   profiles.yml file [[31mERROR not found[0m]
[0m09:51:23.107992 [info ] [MainThread]:   dbt_project.yml file [[32mOK found and valid[0m]
[0m09:51:23.108090 [info ] [MainThread]: Required dependencies:
[0m09:51:23.108246 [debug] [MainThread]: Executing "git --help"
[0m09:51:23.117380 [debug] [MainThread]: STDOUT: "b"usage: git [-v | --version] [-h | --help] [-C <path>] [-c <name>=<value>]\n           [--exec-path[=<path>]] [--html-path] [--man-path] [--info-path]\n           [-p | --paginate | -P | --no-pager] [--no-replace-objects] [--bare]\n           [--git-dir=<path>] [--work-tree=<path>] [--namespace=<name>]\n           [--super-prefix=<path>] [--config-env=<name>=<envvar>]\n           <command> [<args>]\n\nThese are common Git commands used in various situations:\n\nstart a working area (see also: git help tutorial)\n   clone     Clone a repository into a new directory\n   init      Create an empty Git repository or reinitialize an existing one\n\nwork on the current change (see also: git help everyday)\n   add       Add file contents to the index\n   mv        Move or rename a file, a directory, or a symlink\n   restore   Restore working tree files\n   rm        Remove files from the working tree and from the index\n\nexamine the history and state (see also: git help revisions)\n   bisect    Use binary search to find the commit that introduced a bug\n   diff      Show changes between commits, commit and working tree, etc\n   grep      Print lines matching a pattern\n   log       Show commit logs\n   show      Show various types of objects\n   status    Show the working tree status\n\ngrow, mark and tweak your common history\n   branch    List, create, or delete branches\n   commit    Record changes to the repository\n   merge     Join two or more development histories together\n   rebase    Reapply commits on top of another base tip\n   reset     Reset current HEAD to the specified state\n   switch    Switch branches\n   tag       Create, list, delete or verify a tag object signed with GPG\n\ncollaborate (see also: git help workflows)\n   fetch     Download objects and refs from another repository\n   pull      Fetch from and integrate with another repository or a local branch\n   push      Update remote refs along with associated objects\n\n'git help -a' and 'git help -g' list available subcommands and some\nconcept guides. See 'git help <command>' or 'git help <concept>'\nto read about a specific subcommand or concept.\nSee 'git help git' for an overview of the system.\n""
[0m09:51:23.117765 [debug] [MainThread]: STDERR: "b''"
[0m09:51:23.117907 [info ] [MainThread]:  - git [[32mOK found[0m]

[0m09:51:23.118032 [info ] [MainThread]: Connection test skipped since no profile was found
[0m09:51:23.118146 [info ] [MainThread]: [31m1 check failed:[0m
[0m09:51:23.118245 [info ] [MainThread]: dbt looked for a profiles.yml file in ./DBT_PROJECT/profiles/profiles.yml, but did
not find one. For more information on configuring your profile, consult the
documentation:

https://docs.getdbt.com/docs/configure-your-profile


[0m09:51:23.119608 [debug] [MainThread]: Resource report: {"command_name": "debug", "command_success": false, "command_wall_clock_time": 0.08876579, "process_in_blocks": "0", "process_kernel_time": 0.084098, "process_mem_max_rss": "110460928", "process_out_blocks": "0", "process_user_time": 0.497213}
[0m09:51:23.119976 [debug] [MainThread]: Command `dbt debug` failed at 09:51:23.119858 after 0.09 seconds
[0m09:51:23.120286 [debug] [MainThread]: Sending event: {'category': 'dbt', 'action': 'invocation', 'label': 'end', 'context': [<snowplow_tracker.self_describing_json.SelfDescribingJson object at 0x10929da70>, <snowplow_tracker.self_describing_json.SelfDescribingJson object at 0x10a4da0f0>, <snowplow_tracker.self_describing_json.SelfDescribingJson object at 0x10a3bfdf0>]}
[0m09:51:23.120536 [debug] [MainThread]: Flushing usage events
[0m09:51:23.496472 [debug] [MainThread]: An error was encountered while trying to flush usage events
[0m09:52:00.000598 [debug] [MainThread]: Sending event: {'category': 'dbt', 'action': 'invocation', 'label': 'start', 'context': [<snowplow_tracker.self_describing_json.SelfDescribingJson object at 0x10384a510>, <snowplow_tracker.self_describing_json.SelfDescribingJson object at 0x104cbb9d0>, <snowplow_tracker.self_describing_json.SelfDescribingJson object at 0x104cbbc50>]}


============================== 09:52:00.003098 | 0ecceeb2-c150-42b3-824d-5bad300d22c0 ==============================
[0m09:52:00.003098 [info ] [MainThread]: Running with dbt=1.10.6
[0m09:52:00.003352 [debug] [MainThread]: running dbt with arguments {'printer_width': '80', 'indirect_selection': 'eager', 'write_json': 'True', 'log_cache_events': 'False', 'partial_parse': 'True', 'cache_selected_only': 'False', 'warn_error': 'None', 'debug': 'False', 'fail_fast': 'False', 'log_path': '/Users/ellie/Documents/Dev/DataScientest/OPA/DBT_PROJECT/logs', 'version_check': 'True', 'profiles_dir': './DBT_PROJECT/profiles', 'use_colors': 'True', 'use_experimental_parser': 'False', 'no_print': 'None', 'quiet': 'False', 'empty': 'None', 'warn_error_options': 'WarnErrorOptionsV2(error=[], warn=[], silence=[])', 'invocation_command': 'dbt debug', 'log_format': 'default', 'static_parser': 'True', 'target_path': 'None', 'introspect': 'True', 'send_anonymous_usage_stats': 'True'}
[0m09:52:00.009273 [info ] [MainThread]: dbt version: 1.10.6
[0m09:52:00.009399 [info ] [MainThread]: python version: 3.13.3
[0m09:52:00.009500 [info ] [MainThread]: python path: /Users/ellie/Documents/Dev/DataScientest/OPA/.venv/bin/python3.13
[0m09:52:00.009599 [info ] [MainThread]: os info: macOS-15.5-arm64-arm-64bit-Mach-O
[0m09:52:00.009787 [info ] [MainThread]: Using profiles dir at ./DBT_PROJECT/profiles
[0m09:52:00.009916 [info ] [MainThread]: Using profiles.yml file at ./DBT_PROJECT/profiles/profiles.yml
[0m09:52:00.010020 [info ] [MainThread]: Using dbt_project.yml file at /Users/ellie/Documents/Dev/DataScientest/OPA/DBT_PROJECT/dbt_project.yml
[0m09:52:00.050113 [info ] [MainThread]: Configuration:
[0m09:52:00.050362 [info ] [MainThread]:   profiles.yml file [[31mERROR not found[0m]
[0m09:52:00.050499 [info ] [MainThread]:   dbt_project.yml file [[32mOK found and valid[0m]
[0m09:52:00.050619 [info ] [MainThread]: Required dependencies:
[0m09:52:00.050773 [debug] [MainThread]: Executing "git --help"
[0m09:52:00.060043 [debug] [MainThread]: STDOUT: "b"usage: git [-v | --version] [-h | --help] [-C <path>] [-c <name>=<value>]\n           [--exec-path[=<path>]] [--html-path] [--man-path] [--info-path]\n           [-p | --paginate | -P | --no-pager] [--no-replace-objects] [--bare]\n           [--git-dir=<path>] [--work-tree=<path>] [--namespace=<name>]\n           [--super-prefix=<path>] [--config-env=<name>=<envvar>]\n           <command> [<args>]\n\nThese are common Git commands used in various situations:\n\nstart a working area (see also: git help tutorial)\n   clone     Clone a repository into a new directory\n   init      Create an empty Git repository or reinitialize an existing one\n\nwork on the current change (see also: git help everyday)\n   add       Add file contents to the index\n   mv        Move or rename a file, a directory, or a symlink\n   restore   Restore working tree files\n   rm        Remove files from the working tree and from the index\n\nexamine the history and state (see also: git help revisions)\n   bisect    Use binary search to find the commit that introduced a bug\n   diff      Show changes between commits, commit and working tree, etc\n   grep      Print lines matching a pattern\n   log       Show commit logs\n   show      Show various types of objects\n   status    Show the working tree status\n\ngrow, mark and tweak your common history\n   branch    List, create, or delete branches\n   commit    Record changes to the repository\n   merge     Join two or more development histories together\n   rebase    Reapply commits on top of another base tip\n   reset     Reset current HEAD to the specified state\n   switch    Switch branches\n   tag       Create, list, delete or verify a tag object signed with GPG\n\ncollaborate (see also: git help workflows)\n   fetch     Download objects and refs from another repository\n   pull      Fetch from and integrate with another repository or a local branch\n   push      Update remote refs along with associated objects\n\n'git help -a' and 'git help -g' list available subcommands and some\nconcept guides. See 'git help <command>' or 'git help <concept>'\nto read about a specific subcommand or concept.\nSee 'git help git' for an overview of the system.\n""
[0m09:52:00.060461 [debug] [MainThread]: STDERR: "b''"
[0m09:52:00.060605 [info ] [MainThread]:  - git [[32mOK found[0m]

[0m09:52:00.060733 [info ] [MainThread]: Connection test skipped since no profile was found
[0m09:52:00.060848 [info ] [MainThread]: [31m1 check failed:[0m
[0m09:52:00.060948 [info ] [MainThread]: dbt looked for a profiles.yml file in ./DBT_PROJECT/profiles/profiles.yml, but did
not find one. For more information on configuring your profile, consult the
documentation:

https://docs.getdbt.com/docs/configure-your-profile


[0m09:52:00.062655 [debug] [MainThread]: Resource report: {"command_name": "debug", "command_success": false, "command_wall_clock_time": 0.086576834, "process_in_blocks": "0", "process_kernel_time": 0.083818, "process_mem_max_rss": "110084096", "process_out_blocks": "0", "process_user_time": 0.512693}
[0m09:52:00.062920 [debug] [MainThread]: Command `dbt debug` failed at 09:52:00.062876 after 0.09 seconds
[0m09:52:00.063117 [debug] [MainThread]: Sending event: {'category': 'dbt', 'action': 'invocation', 'label': 'end', 'context': [<snowplow_tracker.self_describing_json.SelfDescribingJson object at 0x104021a70>, <snowplow_tracker.self_describing_json.SelfDescribingJson object at 0x104e5e0f0>, <snowplow_tracker.self_describing_json.SelfDescribingJson object at 0x104d43df0>]}
[0m09:52:00.063285 [debug] [MainThread]: Flushing usage events
[0m09:52:00.467567 [debug] [MainThread]: An error was encountered while trying to flush usage events
